This is pdfTeX, Version 3.1415926-2.4-1.40.13 (TeX Live 2012) (format=pdflatex 2012.10.28)  6 JUN 2013 23:01
entering extended mode
 restricted \write18 enabled.
 %&-line parsing enabled.
**Fase1_Final.tex
(./Fase1_Final.tex
LaTeX2e <2011/06/27>
Babel <v3.8m> and hyphenation patterns for english, dumylang, nohyphenation, ba
sque, danish, dutch, ukenglish, usenglishmax, finnish, french, german, ngerman,
 swissgerman, hungarian, italian, bokmal, nynorsk, polish, portuguese, spanish,
 swedish, loaded.
(/usr/local/texlive/2012basic/texmf-dist/tex/latex/base/article.cls
Document Class: article 2007/10/19 v1.4h Standard LaTeX document class
(/usr/local/texlive/2012basic/texmf-dist/tex/latex/base/size12.clo
File: size12.clo 2007/10/19 v1.4h Standard LaTeX file (size option)
)
\c@part=\count79
\c@section=\count80
\c@subsection=\count81
\c@subsubsection=\count82
\c@paragraph=\count83
\c@subparagraph=\count84
\c@figure=\count85
\c@table=\count86
\abovecaptionskip=\skip41
\belowcaptionskip=\skip42
\bibindent=\dimen102
)
(/usr/local/texlive/2012basic/texmf-dist/tex/generic/babel/babel.sty
Package: babel 2008/07/08 v3.8m The Babel package

(/usr/local/texlive/2012basic/texmf-dist/tex/generic/babel/spanish.ldf
Language: spanish.ldf 2011/10/06 v5.0k Spanish support from the babel system

(/usr/local/texlive/2012basic/texmf-dist/tex/generic/babel/babel.def
File: babel.def 2008/07/08 v3.8m Babel common definitions
\babel@savecnt=\count87
\U@D=\dimen103
)
\es@datefmt=\count88
\es@quottoks=\toks14
\es@quotdepth=\count89
Package babel Info: Making " an active character on input line 496.
Package babel Info: Making . an active character on input line 599.
Package babel Info: Making < an active character on input line 644.
Package babel Info: Making > an active character on input line 644.
))
(/usr/local/texlive/2012basic/texmf-dist/tex/latex/base/inputenc.sty
Package: inputenc 2008/03/30 v1.1d Input encoding file
\inpenc@prehook=\toks15
\inpenc@posthook=\toks16

(/usr/local/texlive/2012basic/texmf-dist/tex/latex/base/latin1.def
File: latin1.def 2008/03/30 v1.1d Input encoding file
))
(/usr/local/texlive/2012basic/texmf-dist/tex/latex/graphics/graphicx.sty
Package: graphicx 1999/02/16 v1.0f Enhanced LaTeX Graphics (DPC,SPQR)

(/usr/local/texlive/2012basic/texmf-dist/tex/latex/graphics/keyval.sty
Package: keyval 1999/03/16 v1.13 key=value parser (DPC)
\KV@toks@=\toks17
)
(/usr/local/texlive/2012basic/texmf-dist/tex/latex/graphics/graphics.sty
Package: graphics 2009/02/05 v1.0o Standard LaTeX Graphics (DPC,SPQR)

(/usr/local/texlive/2012basic/texmf-dist/tex/latex/graphics/trig.sty
Package: trig 1999/03/16 v1.09 sin cos tan (DPC)
)
(/usr/local/texlive/2012basic/texmf-dist/tex/latex/latexconfig/graphics.cfg
File: graphics.cfg 2010/04/23 v1.9 graphics configuration of TeX Live
)
Package graphics Info: Driver file: pdftex.def on input line 91.

(/usr/local/texlive/2012basic/texmf-dist/tex/latex/pdftex-def/pdftex.def
File: pdftex.def 2011/05/27 v0.06d Graphics/color for pdfTeX

(/usr/local/texlive/2012basic/texmf-dist/tex/generic/oberdiek/infwarerr.sty
Package: infwarerr 2010/04/08 v1.3 Providing info/warning/error messages (HO)
)
(/usr/local/texlive/2012basic/texmf-dist/tex/generic/oberdiek/ltxcmds.sty
Package: ltxcmds 2011/11/09 v1.22 LaTeX kernel commands for general use (HO)
)
\Gread@gobject=\count90
))
\Gin@req@height=\dimen104
\Gin@req@width=\dimen105
)
No file Fase1_Final.aux.
\openout1 = `Fase1_Final.aux'.

LaTeX Font Info:    Checking defaults for OML/cmm/m/it on input line 6.
LaTeX Font Info:    ... okay on input line 6.
LaTeX Font Info:    Checking defaults for T1/cmr/m/n on input line 6.
LaTeX Font Info:    ... okay on input line 6.
LaTeX Font Info:    Checking defaults for OT1/cmr/m/n on input line 6.
LaTeX Font Info:    ... okay on input line 6.
LaTeX Font Info:    Checking defaults for OMS/cmsy/m/n on input line 6.
LaTeX Font Info:    ... okay on input line 6.
LaTeX Font Info:    Checking defaults for OMX/cmex/m/n on input line 6.
LaTeX Font Info:    ... okay on input line 6.
LaTeX Font Info:    Checking defaults for U/cmr/m/n on input line 6.
LaTeX Font Info:    ... okay on input line 6.
LaTeX Info: Redefining \. on input line 6.
LaTeX Info: Redefining \% on input line 6.
(/usr/local/texlive/2012basic/texmf-dist/tex/context/base/supp-pdf.mkii
[Loading MPS to PDF converter (version 2006.09.02).]
\scratchcounter=\count91
\scratchdimen=\dimen106
\scratchbox=\box26
\nofMPsegments=\count92
\nofMParguments=\count93
\everyMPshowfont=\toks18
\MPscratchCnt=\count94
\MPscratchDim=\dimen107
\MPnumerator=\count95
\makeMPintoPDFobject=\count96
\everyMPtoPDFconversion=\toks19
) (/usr/local/texlive/2012basic/texmf-dist/tex/generic/oberdiek/pdftexcmds.sty
Package: pdftexcmds 2011/11/29 v0.20 Utility functions of pdfTeX for LuaTeX (HO
)

(/usr/local/texlive/2012basic/texmf-dist/tex/generic/oberdiek/ifluatex.sty
Package: ifluatex 2010/03/01 v1.3 Provides the ifluatex switch (HO)
Package ifluatex Info: LuaTeX not detected.
)
(/usr/local/texlive/2012basic/texmf-dist/tex/generic/oberdiek/ifpdf.sty
Package: ifpdf 2011/01/30 v2.3 Provides the ifpdf switch (HO)
Package ifpdf Info: pdfTeX in PDF mode is detected.
)
Package pdftexcmds Info: LuaTeX not detected.
Package pdftexcmds Info: \pdf@primitive is available.
Package pdftexcmds Info: \pdf@ifprimitive is available.
Package pdftexcmds Info: \pdfdraftmode found.
)
(/usr/local/texlive/2012basic/texmf-dist/tex/latex/oberdiek/epstopdf-base.sty
Package: epstopdf-base 2010/02/09 v2.5 Base part for package epstopdf

(/usr/local/texlive/2012basic/texmf-dist/tex/latex/oberdiek/grfext.sty
Package: grfext 2010/08/19 v1.1 Manage graphics extensions (HO)

(/usr/local/texlive/2012basic/texmf-dist/tex/generic/oberdiek/kvdefinekeys.sty
Package: kvdefinekeys 2011/04/07 v1.3 Define keys (HO)
)) (/usr/local/texlive/2012basic/texmf-dist/tex/latex/oberdiek/kvoptions.sty
Package: kvoptions 2011/06/30 v3.11 Key value format for package options (HO)

(/usr/local/texlive/2012basic/texmf-dist/tex/generic/oberdiek/kvsetkeys.sty
Package: kvsetkeys 2012/04/25 v1.16 Key value parser (HO)

(/usr/local/texlive/2012basic/texmf-dist/tex/generic/oberdiek/etexcmds.sty
Package: etexcmds 2011/02/16 v1.5 Avoid name clashes with e-TeX commands (HO)
Package etexcmds Info: Could not find \expanded.
(etexcmds)             That can mean that you are not using pdfTeX 1.50 or
(etexcmds)             that some package has redefined \expanded.
(etexcmds)             In the latter case, load this package earlier.
)))
Package grfext Info: Graphics extension search list:
(grfext)             [.png,.pdf,.jpg,.mps,.jpeg,.jbig2,.jb2,.PNG,.PDF,.JPG,.JPE
G,.JBIG2,.JB2,.eps]
(grfext)             \AppendGraphicsExtensions on input line 452.

(/usr/local/texlive/2012basic/texmf-dist/tex/latex/latexconfig/epstopdf-sys.cfg
File: epstopdf-sys.cfg 2010/07/13 v1.3 Configuration of (r)epstopdf for TeX Liv
e
))

LaTeX Warning: File `C:/Users/Jesus Martinez/Dropbox/CI5311/Proyecto/Fase1/logo
.jpg' not found on input line 10.


! Package pdftex.def Error: File `C:/Users/Jesus Martinez/Dropbox/CI5311/Proyec
to/Fase1/logo.jpg' not found.

See the pdftex.def package documentation for explanation.
Type  H <return>  for immediate help.
 ...                                              
                                                  
l.10 ...ez/Dropbox/CI5311/Proyecto/Fase1/logo.jpg}
                                                  
? 

! LaTeX Error: There's no line here to end.

See the LaTeX manual or LaTeX Companion for explanation.
Type  H <return>  for immediate help.
 ...                                              
                                                  
l.20 \maketitle
               
? 
LaTeX Font Info:    External font `cmex10' loaded for size
(Font)              <14.4> on input line 20.
LaTeX Font Info:    External font `cmex10' loaded for size
(Font)              <7> on input line 20.
[1{/usr/local/texlive/2012basic/texmf-var/fonts/map/pdftex/updmap/pdftex.map}

]
Underfull \hbox (badness 10000) in paragraph at lines 24--45

 []


Underfull \hbox (badness 10000) in paragraph at lines 24--45

 []


Underfull \hbox (badness 10000) in paragraph at lines 48--298

 []


Underfull \hbox (badness 10000) in paragraph at lines 48--298

 []


Underfull \hbox (badness 10000) in paragraph at lines 48--298

 []


Underfull \hbox (badness 10000) in paragraph at lines 48--298

 []


Underfull \hbox (badness 10000) in paragraph at lines 48--298

 []


Underfull \hbox (badness 10000) in paragraph at lines 48--298

 []


Underfull \hbox (badness 10000) in paragraph at lines 48--298

 []


Underfull \hbox (badness 10000) in paragraph at lines 48--298

 []


Overfull \hbox (2.18481pt too wide) in paragraph at lines 48--298
\OT1/cmr/m/n/12 ha de ser po-si-ble rea-li-zar b^^Susque-das o con-sul-tas de i
n-ter^^Ses ba-jo cier-tos par^^Same-
 []


Underfull \hbox (badness 10000) in paragraph at lines 48--298

 []


Underfull \hbox (badness 10000) in paragraph at lines 48--298

 []


Underfull \hbox (badness 10000) in paragraph at lines 48--298

 []


Underfull \hbox (badness 10000) in paragraph at lines 48--298

 []


Underfull \hbox (badness 10000) in paragraph at lines 48--298

 []


Underfull \hbox (badness 10000) in paragraph at lines 48--298

 []


Underfull \hbox (badness 10000) in paragraph at lines 48--298

 []


Underfull \hbox (badness 10000) in paragraph at lines 48--298

 []


Underfull \hbox (badness 10000) in paragraph at lines 48--298

 []


Underfull \hbox (badness 10000) in paragraph at lines 48--298

 []


Underfull \hbox (badness 10000) in paragraph at lines 48--298

 []


Underfull \hbox (badness 10000) in paragraph at lines 48--298

 []


Underfull \hbox (badness 10000) in paragraph at lines 48--298

 []


Underfull \hbox (badness 10000) in paragraph at lines 48--298

 []


Underfull \hbox (badness 10000) in paragraph at lines 48--298

 []


Underfull \hbox (badness 10000) in paragraph at lines 48--298

 []


Underfull \hbox (badness 10000) in paragraph at lines 48--298

 []


Underfull \hbox (badness 10000) in paragraph at lines 48--298

 []


Underfull \hbox (badness 10000) in paragraph at lines 48--298

 []


Underfull \hbox (badness 10000) in paragraph at lines 48--298

 []


Underfull \hbox (badness 10000) in paragraph at lines 48--298

 []

[2] [3] [4] [5] [6] [7]
Underfull \hbox (badness 10000) in paragraph at lines 301--408

 []


Underfull \hbox (badness 10000) in paragraph at lines 301--408

 []


Underfull \hbox (badness 10000) in paragraph at lines 301--408

 []


Underfull \hbox (badness 10000) in paragraph at lines 301--408

 []


Underfull \hbox (badness 10000) in paragraph at lines 301--408

 []


Underfull \hbox (badness 10000) in paragraph at lines 301--408

 []


Underfull \hbox (badness 10000) in paragraph at lines 301--408

 []


Underfull \hbox (badness 10000) in paragraph at lines 301--408

 []


Underfull \hbox (badness 10000) in paragraph at lines 301--408

 []


Underfull \hbox (badness 10000) in paragraph at lines 301--408

 []


Underfull \hbox (badness 10000) in paragraph at lines 301--408

 []


Underfull \hbox (badness 10000) in paragraph at lines 301--408

 []


Underfull \hbox (badness 10000) in paragraph at lines 301--408

 []


Underfull \hbox (badness 10000) in paragraph at lines 301--408

 []


Underfull \hbox (badness 10000) in paragraph at lines 301--408

 []

[8] [9] [10] (./Fase1_Final.aux
LaTeX Info: Redefining \. on input line 6.
LaTeX Info: Redefining \% on input line 6.
) ) 
Here is how much of TeX's memory you used:
 2138 strings out of 494578
 29846 string characters out of 3168573
 118986 words of memory out of 3000000
 5362 multiletter control sequences out of 15000+200000
 6272 words of font info for 23 fonts, out of 3000000 for 9000
 314 hyphenation exceptions out of 8191
 37i,7n,31p,796b,216s stack positions out of 5000i,500n,10000p,200000b,50000s
</usr/local/texlive/2012basic/texmf-dist/fonts/type1/public/amsfonts/cm/cmbx
12.pfb></usr/local/texlive/2012basic/texmf-dist/fonts/type1/public/amsfonts/cm/
cmr12.pfb></usr/local/texlive/2012basic/texmf-dist/fonts/type1/public/amsfonts/
cm/cmr17.pfb></usr/local/texlive/2012basic/texmf-dist/fonts/type1/public/amsfon
ts/cm/cmti12.pfb></usr/local/texlive/2012basic/texmf-dist/fonts/type1/public/am
sfonts/cm/cmtt12.pfb>
Output written on Fase1_Final.pdf (10 pages, 81032 bytes).
PDF statistics:
 57 PDF objects out of 1000 (max. 8388607)
 39 compressed objects within 1 object stream
 0 named destinations out of 1000 (max. 500000)
 1 words of extra memory for PDF output out of 10000 (max. 10000000)

